<?xml version="1.0" encoding="UTF-8"?>
<!-- Generated by org.testng.reporters.JUnitXMLReporter -->
<testsuite ignored="0" hostname="DESKTOP-9J4GMHQ" failures="0" tests="3" name="Default test" time="122.094" errors="0" timestamp="2025-02-14T10:09:58 IST">
  <testcase classname="com.mystore.testcases.TC_UserAccess_Validation" name="Verify_AdminAccess" time="4.511"/>
  <testcase classname="com.mystore.testcases.TC_UserAccess_Validation" name="Verify_Basic_User_Access" time="65.11"/>
  <testcase classname="com.mystore.testcases.TC_UserAccess_Validation" name="Verify_Manager_Access" time="45.717"/>
</testsuite> <!-- Default test -->
