<?xml version="1.0" encoding="UTF-8"?>
<!-- Generated by org.testng.reporters.JUnitXMLReporter -->
<testsuite ignored="0" hostname="DESKTOP-9J4GMHQ" failures="0" tests="9" name="Test" time="154.243" errors="0" timestamp="2025-01-02T21:43:07 IST">
  <testcase classname="com.mystore.testcases.TC_loginPage" name="verify_login" time="3.839"/>
  <testcase classname="com.mystore.testcases.TC_loginPage" name="verify_logout" time="6.339"/>
  <testcase classname="com.mystore.testcases.TC_UserAccess_Validation" name="Verify_AdminAccess" time="3.807"/>
  <testcase classname="com.mystore.testcases.TC_UserAccess_Validation" name="Verify_Basic_User_Access" time="65.103"/>
  <testcase classname="com.mystore.testcases.TC_UserAccess_Validation" name="Verify_Manager_Access" time="44.379"/>
  <testcase classname="com.mystore.testcases.TC_CategoriesPage" name="verify_Specific_category_name_is_displayed_in_categories" time="11.391"/>
  <testcase classname="com.mystore.testcases.TC_CategoriesPage" name="verify_Specific_category_by_using_filter_option_in_categories" time="0.386"/>
  <testcase classname="com.mystore.testcases.TC_SettingsPage" name="verify_Specific_User_is_displayed_in_Settings_Invite_User" time="5.752"/>
  <testcase classname="com.mystore.testcases.TC_SettingsPage" name="verify_App_Configuration_id_in_Settings_page" time="0.4"/>
</testsuite> <!-- Test -->
