<?xml version="1.0" encoding="UTF-8"?>
<!-- Generated by org.testng.reporters.JUnitXMLReporter -->
<testsuite ignored="0" hostname="DESKTOP-9J4GMHQ" failures="0" tests="21" name="Test" time="179.601" errors="0" timestamp="2025-02-06T14:37:06 IST">
  <testcase classname="com.mystore.testcases.TC_loginPage" name="verify_login" time="4.543"/>
  <testcase classname="com.mystore.testcases.TC_loginPage" name="verify_logout" time="8.023"/>
  <testcase classname="com.mystore.testcases.TC_UserAccess_Validation" name="Verify_AdminAccess" time="4.539"/>
  <testcase classname="com.mystore.testcases.TC_UserAccess_Validation" name="Verify_Basic_User_Access" time="65.848"/>
  <testcase classname="com.mystore.testcases.TC_UserAccess_Validation" name="Verify_Manager_Access" time="45.424"/>
  <testcase classname="com.mystore.testcases.TC_CategoriesPage" name="verify_category_header_is_displayed_in_categories" time="6.006"/>
  <testcase classname="com.mystore.testcases.TC_CategoriesPage" name="verify_Specific_category_by_using_filter_option_in_categories" time="1.095"/>
  <testcase classname="com.mystore.testcases.TC_CategoriesPage" name="verify_Specific_category_id_in_general_page" time="1.629"/>
  <testcase classname="com.mystore.testcases.TC_CategoriesPage" name="verify_product_section_in_specific_category_page" time="0.032"/>
  <testcase classname="com.mystore.testcases.TC_CategoriesPage" name="verify_user_is_navigated_to_Transform_page_for_specific_category" time="0.126"/>
  <testcase classname="com.mystore.testcases.TC_ProductPage" name="verify_product_Header_is_displayed_in_products" time="4.896"/>
  <testcase classname="com.mystore.testcases.TC_ProductPage" name="verify_Specific_product_by_using_filter_option_in_products" time="1.98"/>
  <testcase classname="com.mystore.testcases.TC_ProductPage" name="verify_Specific_product_id_in_general_page" time="1.376"/>
  <testcase classname="com.mystore.testcases.TC_ProductPage" name="verify_Varient_section_in_specific_product_page" time="0.029"/>
  <testcase classname="com.mystore.testcases.TC_ProductPage" name="verify_user_is_navigated_to_Transform_page_for_specific_product" time="0.142"/>
  <testcase classname="com.mystore.testcases.TC_VariantPage" name="verify_Specific_product_name_is_displayed_in_products" time="4.867"/>
  <testcase classname="com.mystore.testcases.TC_VariantPage" name="verify_Specific_Variant_by_using_filter_option_in_products" time="1.746"/>
  <testcase classname="com.mystore.testcases.TC_VariantPage" name="verify_Specific_Variant_id_in_general_page" time="1.422"/>
  <testcase classname="com.mystore.testcases.TC_VariantPage" name="verify_user_is_navigated_to_Transform_page_for_specific_Variant" time="0.135"/>
  <testcase classname="com.mystore.testcases.TC_SettingsPage" name="verify_Specific_User_is_displayed_in_Settings_Invite_User" time="4.933"/>
  <testcase classname="com.mystore.testcases.TC_SettingsPage" name="verify_App_Configuration_id_in_Settings_page" time="0.506"/>
</testsuite> <!-- Test -->
