<?xml version="1.0" encoding="UTF-8"?>
<testng-results ignored="0" total="3" passed="3" failed="0" skipped="0">
  <reporter-output>
  </reporter-output>
  <suite started-at="2025-02-14T10:07:56 IST" name="Default suite" finished-at="2025-02-14T10:09:58 IST" duration-ms="122094">
    <groups>
    </groups>
    <test started-at="2025-02-14T10:07:56 IST" name="Default test" finished-at="2025-02-14T10:09:58 IST" duration-ms="122094">
      <class name="com.mystore.testcases.TC_UserAccess_Validation">
        <test-method is-config="true" signature="setup()[pri:0, instance:com.mystore.testcases.TC_UserAccess_Validation@58bf8650]" started-at="2025-02-14T10:07:56 IST" name="setup" finished-at="2025-02-14T10:08:03 IST" duration-ms="6523" status="PASS">
          <reporter-output>
          </reporter-output>
        </test-method> <!-- setup -->
        <test-method signature="Verify_AdminAccess()[pri:1, instance:com.mystore.testcases.TC_UserAccess_Validation@58bf8650]" started-at="2025-02-14T10:08:03 IST" name="Verify_AdminAccess" finished-at="2025-02-14T10:08:07 IST" duration-ms="4511" status="PASS">
          <reporter-output>
          </reporter-output>
        </test-method> <!-- Verify_AdminAccess -->
        <test-method signature="Verify_Basic_User_Access()[pri:2, instance:com.mystore.testcases.TC_UserAccess_Validation@58bf8650]" started-at="2025-02-14T10:08:07 IST" name="Verify_Basic_User_Access" finished-at="2025-02-14T10:09:13 IST" duration-ms="65110" status="PASS">
          <reporter-output>
          </reporter-output>
        </test-method> <!-- Verify_Basic_User_Access -->
        <test-method signature="Verify_Manager_Access()[pri:3, instance:com.mystore.testcases.TC_UserAccess_Validation@58bf8650]" started-at="2025-02-14T10:09:13 IST" name="Verify_Manager_Access" finished-at="2025-02-14T10:09:58 IST" duration-ms="45717" status="PASS">
          <reporter-output>
          </reporter-output>
        </test-method> <!-- Verify_Manager_Access -->
        <test-method is-config="true" signature="tearDown()[pri:0, instance:com.mystore.testcases.TC_UserAccess_Validation@58bf8650]" started-at="2025-02-14T10:09:58 IST" name="tearDown" finished-at="2025-02-14T10:09:58 IST" duration-ms="185" status="PASS">
          <reporter-output>
          </reporter-output>
        </test-method> <!-- tearDown -->
      </class> <!-- com.mystore.testcases.TC_UserAccess_Validation -->
    </test> <!-- Default test -->
  </suite> <!-- Default suite -->
</testng-results>
